<?xml version="1.0" encoding="UTF-8"?>
<!-- Generated by org.testng.reporters.JUnitReportReporter -->
<testsuite hostname="ampc41-All-Series" failures="0" tests="4" name="com.app.testcases.flowsPageTest" time="20.807" errors="0" timestamp="2022-07-22T17:12:16 IST" skipped="0">
  <testcase classname="com.app.testcases.flowsPageTest" name="clickonFlowsTest" time="4.153"/>
  <system-out/>
  <testcase classname="com.app.testcases.flowsPageTest" name="verifyNameflowTest" time="3.613"/>
  <system-out/>
  <testcase classname="com.app.testcases.flowsPageTest" name="verifyClickOnCreateFlowTest" time="6.032"/>
  <system-out/>
  <testcase classname="com.app.testcases.flowsPageTest" name="verifycreateFlowNameTest" time="7.009"/>
  <system-out/>
</testsuite> <!-- com.app.testcases.flowsPageTest -->
