<?xml version="1.0" encoding="UTF-8"?>
<!-- Generated by org.testng.reporters.JUnitReportReporter -->
<testsuite hostname="AM-PC-29" failures="0" tests="2" name="com.app.testcases.loginPageTest" time="6.970" errors="0" timestamp="2023-02-13T17:23:07 IST" skipped="0">
  <testcase classname="com.app.testcases.loginPageTest" name="loginPageTitleTest" time="2.915"/>
  <system-out/>
  <testcase classname="com.app.testcases.loginPageTest" name="loginTest" time="4.055"/>
  <system-out/>
</testsuite> <!-- com.app.testcases.loginPageTest -->
